
ROM used:   5778/24576 (24%)
            5778/24576 (24%) including unused fragments

            1.0 Average locations per line
            8.9 Average locations per statement

RAM used:   382/2048 (19%) at main() level
            438/2048 (21%) worst case

Stack used: 5 worst case (0 in main + 5 for interrupts)
Stack size: 31

Lines Stmts  %   Files
----- ----- ---  -----
  240   104  16  XYController_unfinished.c
  814     0   0  ..\..\..\..\..\Program Files (x86)\PICC\Devices\18F2455.h
  228     0   0  ..\..\..\..\..\Program Files (x86)\PICC\Drivers\pic18_usb.h
  328     0   0  ..\..\..\..\..\Program Files (x86)\PICC\Drivers\usb_hw_layer.h
  236     0   0  PIC18F2455_desc64.h
 1105     0   0  ..\..\..\..\..\Program Files (x86)\PICC\Drivers\usb.h
   39     0   0  ..\..\..\..\..\Program Files (x86)\PICC\Drivers\stdbool.h
 1193   243  37  ..\..\..\..\..\Program Files (x86)\PICC\Drivers\usb.c
  195     0   0  ..\..\..\..\..\Program Files (x86)\PICC\Drivers\stdint.h
 1518   304  47  ..\..\..\..\..\Program Files (x86)\PICC\Drivers\pic18_usb.c
----- -----
 5896   651 Total

Page ROM  %  RAM    Vol Diff  Functions:
---- --- --- ---    --- ----  ----------
0     40   0    1             @delay_ms1
0     32   0    1             @delay_us1
0     32   0    0             @const817
0     48   0    0             @const823
0     48   0    0             @const829
0     18   0    0             @const832
0     18   0    0             @const836
0     58   1    0             @const840
0     18   0    0             @const843
0     18   0    0             @const846
0     34   0    0             @const851
0     48   0    0             @const855
0     82   1    4    139  4.3  usb_kbhit
0     30   0    5             @MUL1616
0     78   1    4    139  4.3  usb_tbe
0     38   0    1    172  3.4  usb_detach
0     46   0    0    236  2.3  usb_attach
0      6   0    0     16  1.0  usb_init_cs
0     36   0    1    375  5.2  usb_task
0     14   0    0     61  2.5  usb_init
0    304   3   10    976  5.9  usb_flush_in
0    186   2   10    344  6.1  usb_put_packet
0    226   2    9    914  5.0  usb_flush_out
0    260   2   12    652  5.9  usb_get_packet_buffer
0     64   1    5    154  3.9  usb_get_packet
0     90   1    6    264  4.6  usb_stall_ep
0    110   1    6    329  4.7  usb_unstall_ep
0    106   1    5    373  6.0  usb_endpoint_stalled
0     22   0    1     94  2.7  usb_set_address
0    422   4   12   1785 11.3  usb_set_configured
0     96   1    5    199  3.2  usb_disable_endpoint
0     22   0    1     99  3.0  usb_disable_endpoints
0      4   0    0     61  4.0  usb_clear_trn
0    114   1    2    656  6.8  usb_isr
0      6   0    0     39  2.0  usb_isr_sof
0     48   0    0    450  4.3  usb_isr_rst
0     42   0    2    458  4.4  usb_init_ep0_setup
0      8   0    0     74  2.8  usb_isr_uerr
0     10   0    0     88  2.5  usb_isr_uidle
0     18   0    0    149  3.5  usb_isr_activity
0     14   0    0    151  3.9  usb_isr_stall
0      6   0    1     30  1.7  usb_request_send_response
0      4   0    0     22  1.2  usb_request_stall
0    202   2    3   3124  9.3  usb_isr_tok_dne
0      8   0    0     29  1.9  usb_enumerated
0    376   3   21   1149 12.8  usb_puts
0     84   1   14             @MUL3232
0    210   2   17    878 13.7  usb_gets
0     40   0    3    255  4.0  usb_token_reset
0     66   1    3    305  7.1  usb_endpoint_is_valid
0     24   0    1    158  3.1  usb_isr_tok_in_dne
0      6   0    1     53  1.9  usb_isr_tok_out_dne
0     50   0    0    375  6.4  usb_isr_tok_setup_dne
0    170   1    0   1454  8.3  usb_isr_tkn_setup_StandardDevice
0    148   1    3    995  7.8  usb_isr_tkn_setup_StandardInterface
0     94   1    0    753  5.8  usb_isr_tkn_setup_StandardEndpoint
0     12   0    0    105  3.8  usb_isr_tkn_setup_ClassInterface
0    260   2    1   1659 10.8  usb_Get_Descriptor
0     14   0    0     76  1.8  usb_finish_set_address
0    130   1    4    715  5.7  usb_copy_desc_seg_to_ep
0     34   0    0             @goto63988
0    124   1    0    295  2.8  MAIN
0    432   4    0   2839  7.4  ExecuteCmd
0     74   1    2    290  4.6  StepX
0     74   1    2    290  4.6  StepY
0     52   0    3    155  4.4  ReadADC
 Inline         0             @cinit1

Program metrics:
    Functions               51
    Statements              651
    Comments                2951
    Volume (V)              46379
    Difficulty (D)          252.9
    Effort to implement (E) 11729435
    Time to implement (T)   181 hours, 1 minutes
    Est Delivered Bugs (B)  17
    Cyclomatic Complexity   138
    Maintainability (MI)    58

 Segment     Used  Free
-----------  ----  ----
00000-00002     4  0  
00004-00006     4  0  
00008-000AC   166  0  
000AE-05FFE  5604  18798  



